<?xml version="1.0" encoding="UTF-8"?>
<coverage generated="1784597211905" clover="3.2.0">
  <project timestamp="1784597211905" name="All files">
    <metrics statements="287" coveredstatements="287" conditionals="116" coveredconditionals="114" methods="30" coveredmethods="30" elements="433" coveredelements="431" complexity="0" loc="287" ncloc="287" packages="2" files="12" classes="12"/>
    <package name="calibration">
      <metrics statements="125" coveredstatements="125" conditionals="64" coveredconditionals="63" methods="13" coveredmethods="13"/>
      <file name="bins.ts" path="C:\Users\javie\OneDrive\Documentos\Github\Personal\afterlight\src\modules\calibration\bins.ts">
        <metrics statements="24" coveredstatements="24" conditionals="9" coveredconditionals="9" methods="2" coveredmethods="2"/>
        <line num="12" count="1" type="stmt"/>
        <line num="15" count="713" type="cond" truecount="1" falsecount="0"/>
        <line num="16" count="713" type="stmt"/>
        <line num="17" count="713" type="stmt"/>
        <line num="18" count="713" type="stmt"/>
        <line num="21" count="1" type="cond" truecount="1" falsecount="0"/>
        <line num="22" count="19" type="stmt"/>
        <line num="23" count="19" type="stmt"/>
        <line num="24" count="19" type="cond" truecount="1" falsecount="0"/>
        <line num="25" count="19" type="stmt"/>
        <line num="27" count="19" type="cond" truecount="1" falsecount="0"/>
        <line num="28" count="713" type="stmt"/>
        <line num="29" count="713" type="stmt"/>
        <line num="30" count="713" type="stmt"/>
        <line num="31" count="713" type="stmt"/>
        <line num="32" count="713" type="stmt"/>
        <line num="34" count="19" type="cond" truecount="1" falsecount="0"/>
        <line num="35" count="190" type="stmt"/>
        <line num="36" count="190" type="stmt"/>
        <line num="37" count="190" type="stmt"/>
        <line num="38" count="190" type="cond" truecount="2" falsecount="0"/>
        <line num="39" count="190" type="cond" truecount="2" falsecount="0"/>
        <line num="40" count="19" type="stmt"/>
        <line num="41" count="19" type="stmt"/>
      </file>
      <file name="index.ts" path="C:\Users\javie\OneDrive\Documentos\Github\Personal\afterlight\src\modules\calibration\index.ts">
        <metrics statements="30" coveredstatements="30" conditionals="5" coveredconditionals="5" methods="1" coveredmethods="1"/>
        <line num="1" count="1" type="stmt"/>
        <line num="11" count="1" type="stmt"/>
        <line num="46" count="1" type="cond" truecount="1" falsecount="0"/>
        <line num="47" count="7" type="cond" truecount="1" falsecount="0"/>
        <line num="48" count="7" type="cond" truecount="1" falsecount="0"/>
        <line num="50" count="7" type="stmt"/>
        <line num="51" count="7" type="stmt"/>
        <line num="53" count="7" type="cond" truecount="1" falsecount="0"/>
        <line num="54" count="354" type="stmt"/>
        <line num="55" count="354" type="stmt"/>
        <line num="56" count="354" type="stmt"/>
        <line num="57" count="354" type="stmt"/>
        <line num="58" count="354" type="stmt"/>
        <line num="59" count="354" type="stmt"/>
        <line num="60" count="7" type="stmt"/>
        <line num="62" count="7" type="stmt"/>
        <line num="63" count="7" type="stmt"/>
        <line num="64" count="7" type="stmt"/>
        <line num="65" count="7" type="stmt"/>
        <line num="66" count="7" type="stmt"/>
        <line num="67" count="7" type="stmt"/>
        <line num="68" count="7" type="stmt"/>
        <line num="69" count="7" type="cond" truecount="1" falsecount="0"/>
        <line num="70" count="7" type="stmt"/>
        <line num="71" count="7" type="stmt"/>
        <line num="72" count="7" type="stmt"/>
        <line num="73" count="7" type="stmt"/>
        <line num="74" count="7" type="stmt"/>
        <line num="75" count="7" type="stmt"/>
        <line num="76" count="7" type="stmt"/>
      </file>
      <file name="metrics.ts" path="C:\Users\javie\OneDrive\Documentos\Github\Personal\afterlight\src\modules\calibration\metrics.ts">
        <metrics statements="18" coveredstatements="18" conditionals="15" coveredconditionals="15" methods="5" coveredmethods="5"/>
        <line num="4" count="714" type="cond" truecount="1" falsecount="0"/>
        <line num="5" count="714" type="stmt"/>
        <line num="6" count="714" type="stmt"/>
        <line num="9" count="1" type="cond" truecount="1" falsecount="0"/>
        <line num="10" count="2148" type="stmt"/>
        <line num="11" count="2148" type="stmt"/>
        <line num="14" count="1" type="cond" truecount="1" falsecount="0"/>
        <line num="15" count="52" type="cond" truecount="3" falsecount="0"/>
        <line num="16" count="47" type="cond" truecount="1" falsecount="0"/>
        <line num="17" count="47" type="stmt"/>
        <line num="20" count="1" type="cond" truecount="1" falsecount="0"/>
        <line num="21" count="714" type="stmt"/>
        <line num="22" count="714" type="cond" truecount="2" falsecount="0"/>
        <line num="23" count="714" type="stmt"/>
        <line num="26" count="1" type="cond" truecount="1" falsecount="0"/>
        <line num="27" count="16" type="cond" truecount="3" falsecount="0"/>
        <line num="28" count="11" type="cond" truecount="1" falsecount="0"/>
        <line num="29" count="11" type="stmt"/>
      </file>
      <file name="pnl.ts" path="C:\Users\javie\OneDrive\Documentos\Github\Personal\afterlight\src\modules\calibration\pnl.ts">
        <metrics statements="22" coveredstatements="22" conditionals="18" coveredconditionals="18" methods="1" coveredmethods="1"/>
        <line num="39" count="1" type="cond" truecount="1" falsecount="0"/>
        <line num="40" count="17" type="stmt"/>
        <line num="41" count="17" type="stmt"/>
        <line num="42" count="17" type="stmt"/>
        <line num="43" count="17" type="stmt"/>
        <line num="44" count="17" type="stmt"/>
        <line num="46" count="17" type="cond" truecount="1" falsecount="0"/>
        <line num="47" count="365" type="cond" truecount="2" falsecount="0"/>
        <line num="48" count="365" type="cond" truecount="4" falsecount="0"/>
        <line num="49" count="361" type="stmt"/>
        <line num="50" count="365" type="cond" truecount="3" falsecount="0"/>
        <line num="52" count="365" type="cond" truecount="3" falsecount="0"/>
        <line num="53" count="365" type="stmt"/>
        <line num="54" count="365" type="cond" truecount="2" falsecount="0"/>
        <line num="56" count="365" type="stmt"/>
        <line num="57" count="365" type="stmt"/>
        <line num="58" count="365" type="stmt"/>
        <line num="59" count="365" type="cond" truecount="2" falsecount="0"/>
        <line num="60" count="3" type="stmt"/>
        <line num="61" count="365" type="stmt"/>
        <line num="63" count="17" type="stmt"/>
        <line num="64" count="17" type="stmt"/>
      </file>
      <file name="slices.ts" path="C:\Users\javie\OneDrive\Documentos\Github\Personal\afterlight\src\modules\calibration\slices.ts">
        <metrics statements="31" coveredstatements="31" conditionals="17" coveredconditionals="16" methods="4" coveredmethods="4"/>
        <line num="1" count="1" type="stmt"/>
        <line num="22" count="18" type="cond" truecount="1" falsecount="0"/>
        <line num="23" count="18" type="stmt"/>
        <line num="24" count="18" type="stmt"/>
        <line num="25" count="18" type="stmt"/>
        <line num="26" count="18" type="cond" truecount="1" falsecount="0"/>
        <line num="27" count="18" type="cond" truecount="1" falsecount="0"/>
        <line num="28" count="18" type="cond" truecount="1" falsecount="1"/>
        <line num="29" count="18" type="stmt"/>
        <line num="30" count="18" type="stmt"/>
        <line num="32" count="18" type="cond" truecount="1" falsecount="0"/>
        <line num="33" count="18" type="stmt"/>
        <line num="34" count="18" type="cond" truecount="1" falsecount="0"/>
        <line num="35" count="716" type="cond" truecount="1" falsecount="0"/>
        <line num="36" count="716" type="cond" truecount="1" falsecount="0"/>
        <line num="37" count="716" type="stmt"/>
        <line num="38" count="716" type="stmt"/>
        <line num="39" count="716" type="stmt"/>
        <line num="40" count="18" type="stmt"/>
        <line num="41" count="18" type="stmt"/>
        <line num="43" count="1" type="cond" truecount="1" falsecount="0"/>
        <line num="44" count="10" type="cond" truecount="1" falsecount="0"/>
        <line num="45" count="10" type="cond" truecount="1" falsecount="0"/>
        <line num="46" count="10" type="cond" truecount="1" falsecount="0"/>
        <line num="47" count="10" type="stmt"/>
        <line num="49" count="1" type="cond" truecount="1" falsecount="0"/>
        <line num="50" count="8" type="stmt"/>
        <line num="51" count="8" type="cond" truecount="1" falsecount="0"/>
        <line num="52" count="8" type="cond" truecount="1" falsecount="0"/>
        <line num="53" count="8" type="cond" truecount="1" falsecount="0"/>
        <line num="54" count="8" type="stmt"/>
      </file>
    </package>
    <package name="scoring">
      <metrics statements="162" coveredstatements="162" conditionals="52" coveredconditionals="51" methods="17" coveredmethods="17"/>
      <file name="blend.ts" path="C:\Users\javie\OneDrive\Documentos\Github\Personal\afterlight\src\modules\scoring\blend.ts">
        <metrics statements="40" coveredstatements="40" conditionals="14" coveredconditionals="13" methods="3" coveredmethods="3"/>
        <line num="1" count="1" type="stmt"/>
        <line num="24" count="30" type="cond" truecount="1" falsecount="0"/>
        <line num="25" count="30" type="stmt"/>
        <line num="26" count="30" type="stmt"/>
        <line num="27" count="30" type="stmt"/>
        <line num="28" count="30" type="stmt"/>
        <line num="29" count="30" type="stmt"/>
        <line num="30" count="30" type="stmt"/>
        <line num="31" count="30" type="stmt"/>
        <line num="32" count="30" type="stmt"/>
        <line num="33" count="30" type="stmt"/>
        <line num="34" count="30" type="cond" truecount="1" falsecount="0"/>
        <line num="35" count="30" type="cond" truecount="1" falsecount="0"/>
        <line num="36" count="30" type="cond" truecount="2" falsecount="0"/>
        <line num="37" count="27" type="cond" truecount="1" falsecount="0"/>
        <line num="38" count="27" type="stmt"/>
        <line num="50" count="1" type="cond" truecount="1" falsecount="0"/>
        <line num="51" count="10" type="stmt"/>
        <line num="52" count="10" type="cond" truecount="2" falsecount="0"/>
        <line num="54" count="10" type="stmt"/>
        <line num="55" count="10" type="stmt"/>
        <line num="56" count="10" type="stmt"/>
        <line num="58" count="10" type="stmt"/>
        <line num="59" count="10" type="stmt"/>
        <line num="70" count="1" type="cond" truecount="1" falsecount="0"/>
        <line num="71" count="2" type="stmt"/>
        <line num="72" count="2" type="stmt"/>
        <line num="73" count="2" type="stmt"/>
        <line num="74" count="2" type="stmt"/>
        <line num="75" count="2" type="stmt"/>
        <line num="76" count="2" type="stmt"/>
        <line num="77" count="2" type="stmt"/>
        <line num="78" count="2" type="cond" truecount="1" falsecount="0"/>
        <line num="80" count="2" type="cond" truecount="1" falsecount="1"/>
        <line num="81" count="2" type="cond" truecount="1" falsecount="0"/>
        <line num="82" count="5" type="stmt"/>
        <line num="83" count="5" type="stmt"/>
        <line num="84" count="5" type="stmt"/>
        <line num="85" count="2" type="stmt"/>
        <line num="86" count="2" type="stmt"/>
      </file>
      <file name="confidence.ts" path="C:\Users\javie\OneDrive\Documentos\Github\Personal\afterlight\src\modules\scoring\confidence.ts">
        <metrics statements="15" coveredstatements="15" conditionals="12" coveredconditionals="12" methods="3" coveredmethods="3"/>
        <line num="18" count="1" type="cond" truecount="1" falsecount="0"/>
        <line num="19" count="9" type="cond" truecount="4" falsecount="0"/>
        <line num="20" count="4" type="stmt"/>
        <line num="21" count="4" type="cond" truecount="1" falsecount="0"/>
        <line num="22" count="9" type="cond" truecount="3" falsecount="0"/>
        <line num="23" count="2" type="stmt"/>
        <line num="24" count="2" type="cond" truecount="1" falsecount="0"/>
        <line num="25" count="3" type="stmt"/>
        <line num="26" count="3" type="stmt"/>
        <line num="29" count="1" type="cond" truecount="1" falsecount="0"/>
        <line num="30" count="6" type="stmt"/>
        <line num="31" count="6" type="stmt"/>
        <line num="34" count="1" type="cond" truecount="1" falsecount="0"/>
        <line num="35" count="5" type="stmt"/>
        <line num="36" count="5" type="stmt"/>
      </file>
      <file name="edge.ts" path="C:\Users\javie\OneDrive\Documentos\Github\Personal\afterlight\src\modules\scoring\edge.ts">
        <metrics statements="16" coveredstatements="16" conditionals="6" coveredconditionals="6" methods="2" coveredmethods="2"/>
        <line num="1" count="1" type="stmt"/>
        <line num="30" count="1" type="cond" truecount="1" falsecount="0"/>
        <line num="31" count="6" type="stmt"/>
        <line num="33" count="6" type="stmt"/>
        <line num="34" count="6" type="stmt"/>
        <line num="35" count="6" type="stmt"/>
        <line num="37" count="6" type="stmt"/>
        <line num="38" count="6" type="stmt"/>
        <line num="40" count="6" type="cond" truecount="1" falsecount="0"/>
        <line num="41" count="5" type="stmt"/>
        <line num="42" count="5" type="cond" truecount="1" falsecount="0"/>
        <line num="43" count="1" type="stmt"/>
        <line num="44" count="1" type="stmt"/>
        <line num="50" count="1" type="cond" truecount="1" falsecount="0"/>
        <line num="51" count="7" type="cond" truecount="2" falsecount="0"/>
        <line num="52" count="7" type="stmt"/>
      </file>
      <file name="fees.ts" path="C:\Users\javie\OneDrive\Documentos\Github\Personal\afterlight\src\modules\scoring\fees.ts">
        <metrics statements="10" coveredstatements="10" conditionals="3" coveredconditionals="3" methods="3" coveredmethods="3"/>
        <line num="8" count="20" type="cond" truecount="1" falsecount="0"/>
        <line num="9" count="20" type="stmt"/>
        <line num="10" count="20" type="stmt"/>
        <line num="13" count="1" type="cond" truecount="1" falsecount="0"/>
        <line num="14" count="20" type="stmt"/>
        <line num="15" count="20" type="stmt"/>
        <line num="16" count="20" type="stmt"/>
        <line num="19" count="1" type="cond" truecount="1" falsecount="0"/>
        <line num="20" count="19" type="stmt"/>
        <line num="21" count="19" type="stmt"/>
      </file>
      <file name="index.ts" path="C:\Users\javie\OneDrive\Documentos\Github\Personal\afterlight\src\modules\scoring\index.ts">
        <metrics statements="45" coveredstatements="45" conditionals="2" coveredconditionals="2" methods="1" coveredmethods="1"/>
        <line num="1" count="1" type="stmt"/>
        <line num="51" count="1" type="cond" truecount="1" falsecount="0"/>
        <line num="52" count="4" type="stmt"/>
        <line num="53" count="4" type="stmt"/>
        <line num="55" count="4" type="stmt"/>
        <line num="56" count="4" type="stmt"/>
        <line num="57" count="4" type="stmt"/>
        <line num="58" count="4" type="stmt"/>
        <line num="60" count="4" type="stmt"/>
        <line num="61" count="4" type="stmt"/>
        <line num="62" count="4" type="stmt"/>
        <line num="63" count="4" type="stmt"/>
        <line num="64" count="4" type="stmt"/>
        <line num="65" count="4" type="stmt"/>
        <line num="67" count="4" type="stmt"/>
        <line num="68" count="4" type="stmt"/>
        <line num="69" count="4" type="stmt"/>
        <line num="70" count="4" type="stmt"/>
        <line num="71" count="4" type="stmt"/>
        <line num="72" count="4" type="stmt"/>
        <line num="73" count="4" type="stmt"/>
        <line num="75" count="4" type="stmt"/>
        <line num="76" count="4" type="stmt"/>
        <line num="77" count="4" type="stmt"/>
        <line num="78" count="4" type="stmt"/>
        <line num="79" count="4" type="stmt"/>
        <line num="80" count="4" type="cond" truecount="1" falsecount="0"/>
        <line num="82" count="4" type="stmt"/>
        <line num="84" count="4" type="stmt"/>
        <line num="85" count="4" type="stmt"/>
        <line num="86" count="4" type="stmt"/>
        <line num="87" count="4" type="stmt"/>
        <line num="88" count="4" type="stmt"/>
        <line num="89" count="4" type="stmt"/>
        <line num="90" count="4" type="stmt"/>
        <line num="91" count="4" type="stmt"/>
        <line num="92" count="4" type="stmt"/>
        <line num="93" count="4" type="stmt"/>
        <line num="94" count="4" type="stmt"/>
        <line num="95" count="4" type="stmt"/>
        <line num="96" count="4" type="stmt"/>
        <line num="97" count="4" type="stmt"/>
        <line num="98" count="4" type="stmt"/>
        <line num="99" count="4" type="stmt"/>
        <line num="100" count="4" type="stmt"/>
      </file>
      <file name="kelly.ts" path="C:\Users\javie\OneDrive\Documentos\Github\Personal\afterlight\src\modules\scoring\kelly.ts">
        <metrics statements="26" coveredstatements="26" conditionals="12" coveredconditionals="12" methods="2" coveredmethods="2"/>
        <line num="6" count="1" type="stmt"/>
        <line num="7" count="1" type="stmt"/>
        <line num="8" count="1" type="stmt"/>
        <line num="17" count="1" type="cond" truecount="1" falsecount="0"/>
        <line num="19" count="9" type="cond" truecount="2" falsecount="0"/>
        <line num="21" count="9" type="cond" truecount="2" falsecount="0"/>
        <line num="22" count="5" type="stmt"/>
        <line num="23" count="5" type="cond" truecount="1" falsecount="0"/>
        <line num="25" count="4" type="stmt"/>
        <line num="26" count="9" type="cond" truecount="1" falsecount="0"/>
        <line num="27" count="2" type="stmt"/>
        <line num="28" count="2" type="stmt"/>
        <line num="29" count="2" type="stmt"/>
        <line num="30" count="2" type="stmt"/>
        <line num="37" count="1" type="cond" truecount="1" falsecount="0"/>
        <line num="38" count="2" type="stmt"/>
        <line num="39" count="2" type="stmt"/>
        <line num="40" count="2" type="cond" truecount="1" falsecount="0"/>
        <line num="41" count="2" type="cond" truecount="2" falsecount="0"/>
        <line num="43" count="1" type="stmt"/>
        <line num="44" count="1" type="cond" truecount="1" falsecount="0"/>
        <line num="45" count="3" type="stmt"/>
        <line num="46" count="3" type="stmt"/>
        <line num="47" count="3" type="stmt"/>
        <line num="48" count="1" type="stmt"/>
        <line num="49" count="1" type="stmt"/>
      </file>
      <file name="math.ts" path="C:\Users\javie\OneDrive\Documentos\Github\Personal\afterlight\src\modules\scoring\math.ts">
        <metrics statements="10" coveredstatements="10" conditionals="3" coveredconditionals="3" methods="3" coveredmethods="3"/>
        <line num="5" count="1" type="cond" truecount="1" falsecount="0"/>
        <line num="6" count="56" type="stmt"/>
        <line num="7" count="56" type="stmt"/>
        <line num="10" count="1" type="cond" truecount="1" falsecount="0"/>
        <line num="11" count="53" type="stmt"/>
        <line num="12" count="53" type="stmt"/>
        <line num="13" count="53" type="stmt"/>
        <line num="16" count="1" type="cond" truecount="1" falsecount="0"/>
        <line num="17" count="35" type="stmt"/>
        <line num="18" count="35" type="stmt"/>
      </file>
    </package>
  </project>
</coverage>
