{"C:\\Users\\javie\\OneDrive\\Documentos\\Github\\Personal\\afterlight\\src\\modules\\scoring\\blend.ts": {"path":"C:\\Users\\javie\\OneDrive\\Documentos\\Github\\Personal\\afterlight\\src\\modules\\scoring\\blend.ts","all":false,"statementMap":{"0":{"start":{"line":1,"column":0},"end":{"line":1,"column":40}},"23":{"start":{"line":24,"column":0},"end":{"line":24,"column":22}},"24":{"start":{"line":25,"column":0},"end":{"line":25,"column":15}},"25":{"start":{"line":26,"column":0},"end":{"line":26,"column":15}},"26":{"start":{"line":27,"column":0},"end":{"line":27,"column":23}},"27":{"start":{"line":28,"column":0},"end":{"line":28,"column":13}},"28":{"start":{"line":29,"column":0},"end":{"line":29,"column":11}},"29":{"start":{"line":30,"column":0},"end":{"line":30,"column":37}},"30":{"start":{"line":31,"column":0},"end":{"line":31,"column":20}},"31":{"start":{"line":32,"column":0},"end":{"line":32,"column":20}},"32":{"start":{"line":33,"column":0},"end":{"line":33,"column":4}},"33":{"start":{"line":34,"column":0},"end":{"line":34,"column":52}},"34":{"start":{"line":35,"column":0},"end":{"line":35,"column":52}},"35":{"start":{"line":36,"column":0},"end":{"line":36,"column":27}},"36":{"start":{"line":37,"column":0},"end":{"line":37,"column":64}},"37":{"start":{"line":38,"column":0},"end":{"line":38,"column":1}},"49":{"start":{"line":50,"column":0},"end":{"line":50,"column":75}},"50":{"start":{"line":51,"column":0},"end":{"line":51,"column":37}},"51":{"start":{"line":52,"column":0},"end":{"line":52,"column":67}},"53":{"start":{"line":54,"column":0},"end":{"line":54,"column":81}},"54":{"start":{"line":55,"column":0},"end":{"line":55,"column":87}},"55":{"start":{"line":56,"column":0},"end":{"line":56,"column":89}},"57":{"start":{"line":58,"column":0},"end":{"line":58,"column":43}},"58":{"start":{"line":59,"column":0},"end":{"line":59,"column":1}},"69":{"start":{"line":70,"column":0},"end":{"line":70,"column":32}},"70":{"start":{"line":71,"column":0},"end":{"line":71,"column":66}},"71":{"start":{"line":72,"column":0},"end":{"line":72,"column":19}},"72":{"start":{"line":73,"column":0},"end":{"line":73,"column":25}},"73":{"start":{"line":74,"column":0},"end":{"line":74,"column":83}},"74":{"start":{"line":75,"column":0},"end":{"line":75,"column":68}},"75":{"start":{"line":76,"column":0},"end":{"line":76,"column":63}},"76":{"start":{"line":77,"column":0},"end":{"line":77,"column":4}},"77":{"start":{"line":78,"column":0},"end":{"line":78,"column":103}},"79":{"start":{"line":80,"column":0},"end":{"line":80,"column":57}},"80":{"start":{"line":81,"column":0},"end":{"line":81,"column":29}},"81":{"start":{"line":82,"column":0},"end":{"line":82,"column":30}},"82":{"start":{"line":83,"column":0},"end":{"line":83,"column":33}},"83":{"start":{"line":84,"column":0},"end":{"line":84,"column":93}},"84":{"start":{"line":85,"column":0},"end":{"line":85,"column":5}},"85":{"start":{"line":86,"column":0},"end":{"line":86,"column":1}}},"s":{"0":1,"23":30,"24":30,"25":30,"26":30,"27":30,"28":30,"29":30,"30":30,"31":30,"32":30,"33":30,"34":30,"35":30,"36":27,"37":27,"49":1,"50":10,"51":10,"53":10,"54":10,"55":10,"57":10,"58":10,"69":1,"70":2,"71":2,"72":2,"73":2,"74":2,"75":2,"76":2,"77":2,"79":2,"80":2,"81":5,"82":5,"83":5,"84":2,"85":2},"branchMap":{"0":{"type":"branch","line":24,"loc":{"start":{"line":24,"column":0},"end":{"line":38,"column":1}},"locations":[{"start":{"line":24,"column":0},"end":{"line":38,"column":1}}]},"1":{"type":"branch","line":34,"loc":{"start":{"line":34,"column":22},"end":{"line":34,"column":52}},"locations":[{"start":{"line":34,"column":22},"end":{"line":34,"column":52}}]},"2":{"type":"branch","line":36,"loc":{"start":{"line":36,"column":18},"end":{"line":36,"column":27}},"locations":[{"start":{"line":36,"column":18},"end":{"line":36,"column":27}}]},"3":{"type":"branch","line":36,"loc":{"start":{"line":36,"column":25},"end":{"line":38,"column":1}},"locations":[{"start":{"line":36,"column":25},"end":{"line":38,"column":1}}]},"4":{"type":"branch","line":35,"loc":{"start":{"line":35,"column":28},"end":{"line":35,"column":49}},"locations":[{"start":{"line":35,"column":28},"end":{"line":35,"column":49}}]},"5":{"type":"branch","line":37,"loc":{"start":{"line":37,"column":22},"end":{"line":37,"column":61}},"locations":[{"start":{"line":37,"column":22},"end":{"line":37,"column":61}}]},"6":{"type":"branch","line":50,"loc":{"start":{"line":50,"column":7},"end":{"line":59,"column":1}},"locations":[{"start":{"line":50,"column":7},"end":{"line":59,"column":1}}]},"7":{"type":"branch","line":52,"loc":{"start":{"line":52,"column":33},"end":{"line":52,"column":62}},"locations":[{"start":{"line":52,"column":33},"end":{"line":52,"column":62}}]},"8":{"type":"branch","line":52,"loc":{"start":{"line":52,"column":58},"end":{"line":52,"column":67}},"locations":[{"start":{"line":52,"column":58},"end":{"line":52,"column":67}}]},"9":{"type":"branch","line":70,"loc":{"start":{"line":70,"column":7},"end":{"line":86,"column":1}},"locations":[{"start":{"line":70,"column":7},"end":{"line":86,"column":1}}]},"10":{"type":"branch","line":78,"loc":{"start":{"line":78,"column":29},"end":{"line":78,"column":103}},"locations":[{"start":{"line":78,"column":29},"end":{"line":78,"column":103}}]},"11":{"type":"branch","line":80,"loc":{"start":{"line":80,"column":50},"end":{"line":80,"column":57}},"locations":[{"start":{"line":80,"column":50},"end":{"line":80,"column":57}}]},"12":{"type":"branch","line":80,"loc":{"start":{"line":80,"column":30},"end":{"line":80,"column":49}},"locations":[{"start":{"line":80,"column":30},"end":{"line":80,"column":49}}]},"13":{"type":"branch","line":81,"loc":{"start":{"line":81,"column":21},"end":{"line":85,"column":3}},"locations":[{"start":{"line":81,"column":21},"end":{"line":85,"column":3}}]}},"b":{"0":[30],"1":[6],"2":[3],"3":[27],"4":[66],"5":[57],"6":[10],"7":[2],"8":[8],"9":[2],"10":[1],"11":[0],"12":[5],"13":[5]},"fnMap":{"0":{"name":"blendLogOdds","decl":{"start":{"line":24,"column":0},"end":{"line":38,"column":1}},"loc":{"start":{"line":24,"column":0},"end":{"line":38,"column":1}},"line":24},"1":{"name":"blend","decl":{"start":{"line":50,"column":7},"end":{"line":59,"column":1}},"loc":{"start":{"line":50,"column":7},"end":{"line":59,"column":1}},"line":50},"2":{"name":"signalBreakdown","decl":{"start":{"line":70,"column":7},"end":{"line":86,"column":1}},"loc":{"start":{"line":70,"column":7},"end":{"line":86,"column":1}},"line":70}},"f":{"0":30,"1":10,"2":2}}
,"C:\\Users\\javie\\OneDrive\\Documentos\\Github\\Personal\\afterlight\\src\\modules\\scoring\\confidence.ts": {"path":"C:\\Users\\javie\\OneDrive\\Documentos\\Github\\Personal\\afterlight\\src\\modules\\scoring\\confidence.ts","all":false,"statementMap":{"17":{"start":{"line":18,"column":0},"end":{"line":18,"column":69}},"18":{"start":{"line":19,"column":0},"end":{"line":19,"column":87}},"19":{"start":{"line":20,"column":0},"end":{"line":20,"column":18}},"20":{"start":{"line":21,"column":0},"end":{"line":21,"column":3}},"21":{"start":{"line":22,"column":0},"end":{"line":22,"column":47}},"22":{"start":{"line":23,"column":0},"end":{"line":23,"column":20}},"23":{"start":{"line":24,"column":0},"end":{"line":24,"column":3}},"24":{"start":{"line":25,"column":0},"end":{"line":25,"column":15}},"25":{"start":{"line":26,"column":0},"end":{"line":26,"column":1}},"28":{"start":{"line":29,"column":0},"end":{"line":29,"column":90}},"29":{"start":{"line":30,"column":0},"end":{"line":30,"column":49}},"30":{"start":{"line":31,"column":0},"end":{"line":31,"column":1}},"33":{"start":{"line":34,"column":0},"end":{"line":34,"column":66}},"34":{"start":{"line":35,"column":0},"end":{"line":35,"column":30}},"35":{"start":{"line":36,"column":0},"end":{"line":36,"column":1}}},"s":{"17":1,"18":9,"19":4,"20":4,"21":9,"22":2,"23":2,"24":3,"25":3,"28":1,"29":6,"30":6,"33":1,"34":5,"35":5},"branchMap":{"0":{"type":"branch","line":18,"loc":{"start":{"line":18,"column":7},"end":{"line":26,"column":1}},"locations":[{"start":{"line":18,"column":7},"end":{"line":26,"column":1}}]},"1":{"type":"branch","line":19,"loc":{"start":{"line":19,"column":13},"end":{"line":19,"column":41}},"locations":[{"start":{"line":19,"column":13},"end":{"line":19,"column":41}}]},"2":{"type":"branch","line":19,"loc":{"start":{"line":19,"column":36},"end":{"line":19,"column":68}},"locations":[{"start":{"line":19,"column":36},"end":{"line":19,"column":68}}]},"3":{"type":"branch","line":19,"loc":{"start":{"line":19,"column":63},"end":{"line":19,"column":86}},"locations":[{"start":{"line":19,"column":63},"end":{"line":19,"column":86}}]},"4":{"type":"branch","line":19,"loc":{"start":{"line":19,"column":86},"end":{"line":21,"column":3}},"locations":[{"start":{"line":19,"column":86},"end":{"line":21,"column":3}}]},"5":{"type":"branch","line":21,"loc":{"start":{"line":21,"column":2},"end":{"line":22,"column":21}},"locations":[{"start":{"line":21,"column":2},"end":{"line":22,"column":21}}]},"6":{"type":"branch","line":22,"loc":{"start":{"line":22,"column":13},"end":{"line":22,"column":46}},"locations":[{"start":{"line":22,"column":13},"end":{"line":22,"column":46}}]},"7":{"type":"branch","line":22,"loc":{"start":{"line":22,"column":46},"end":{"line":26,"column":1}},"locations":[{"start":{"line":22,"column":46},"end":{"line":26,"column":1}}]},"8":{"type":"branch","line":22,"loc":{"start":{"line":22,"column":46},"end":{"line":24,"column":3}},"locations":[{"start":{"line":22,"column":46},"end":{"line":24,"column":3}}]},"9":{"type":"branch","line":24,"loc":{"start":{"line":24,"column":2},"end":{"line":26,"column":1}},"locations":[{"start":{"line":24,"column":2},"end":{"line":26,"column":1}}]},"10":{"type":"branch","line":29,"loc":{"start":{"line":29,"column":7},"end":{"line":31,"column":1}},"locations":[{"start":{"line":29,"column":7},"end":{"line":31,"column":1}}]},"11":{"type":"branch","line":34,"loc":{"start":{"line":34,"column":7},"end":{"line":36,"column":1}},"locations":[{"start":{"line":34,"column":7},"end":{"line":36,"column":1}}]}},"b":{"0":[9],"1":[7],"2":[6],"3":[4],"4":[4],"5":[5],"6":[3],"7":[6],"8":[2],"9":[3],"10":[6],"11":[5]},"fnMap":{"0":{"name":"confidenceTier","decl":{"start":{"line":18,"column":7},"end":{"line":26,"column":1}},"loc":{"start":{"line":18,"column":7},"end":{"line":26,"column":1}},"line":18},"1":{"name":"oneSidedUncertainty","decl":{"start":{"line":29,"column":7},"end":{"line":31,"column":1}},"loc":{"start":{"line":29,"column":7},"end":{"line":31,"column":1}},"line":29},"2":{"name":"rankingScore","decl":{"start":{"line":34,"column":7},"end":{"line":36,"column":1}},"loc":{"start":{"line":34,"column":7},"end":{"line":36,"column":1}},"line":34}},"f":{"0":9,"1":6,"2":5}}
,"C:\\Users\\javie\\OneDrive\\Documentos\\Github\\Personal\\afterlight\\src\\modules\\scoring\\edge.ts": {"path":"C:\\Users\\javie\\OneDrive\\Documentos\\Github\\Personal\\afterlight\\src\\modules\\scoring\\edge.ts","all":false,"statementMap":{"0":{"start":{"line":1,"column":0},"end":{"line":1,"column":40}},"29":{"start":{"line":30,"column":0},"end":{"line":30,"column":61}},"30":{"start":{"line":31,"column":0},"end":{"line":31,"column":58}},"32":{"start":{"line":33,"column":0},"end":{"line":33,"column":65}},"33":{"start":{"line":34,"column":0},"end":{"line":34,"column":29}},"34":{"start":{"line":35,"column":0},"end":{"line":35,"column":66}},"36":{"start":{"line":37,"column":0},"end":{"line":37,"column":35}},"37":{"start":{"line":38,"column":0},"end":{"line":38,"column":37}},"39":{"start":{"line":40,"column":0},"end":{"line":40,"column":26}},"40":{"start":{"line":41,"column":0},"end":{"line":41,"column":101}},"41":{"start":{"line":42,"column":0},"end":{"line":42,"column":3}},"42":{"start":{"line":43,"column":0},"end":{"line":43,"column":100}},"43":{"start":{"line":44,"column":0},"end":{"line":44,"column":1}},"49":{"start":{"line":50,"column":0},"end":{"line":50,"column":96}},"50":{"start":{"line":51,"column":0},"end":{"line":51,"column":49}},"51":{"start":{"line":52,"column":0},"end":{"line":52,"column":1}}},"s":{"0":1,"29":1,"30":6,"32":6,"33":6,"34":6,"36":6,"37":6,"39":6,"40":5,"41":5,"42":1,"43":1,"49":1,"50":7,"51":7},"branchMap":{"0":{"type":"branch","line":30,"loc":{"start":{"line":30,"column":7},"end":{"line":44,"column":1}},"locations":[{"start":{"line":30,"column":7},"end":{"line":44,"column":1}}]},"1":{"type":"branch","line":40,"loc":{"start":{"line":40,"column":25},"end":{"line":44,"column":1}},"locations":[{"start":{"line":40,"column":25},"end":{"line":44,"column":1}}]},"2":{"type":"branch","line":42,"loc":{"start":{"line":42,"column":2},"end":{"line":44,"column":1}},"locations":[{"start":{"line":42,"column":2},"end":{"line":44,"column":1}}]},"3":{"type":"branch","line":50,"loc":{"start":{"line":50,"column":7},"end":{"line":52,"column":1}},"locations":[{"start":{"line":50,"column":7},"end":{"line":52,"column":1}}]},"4":{"type":"branch","line":51,"loc":{"start":{"line":51,"column":21},"end":{"line":51,"column":41}},"locations":[{"start":{"line":51,"column":21},"end":{"line":51,"column":41}}]},"5":{"type":"branch","line":51,"loc":{"start":{"line":51,"column":27},"end":{"line":51,"column":49}},"locations":[{"start":{"line":51,"column":27},"end":{"line":51,"column":49}}]}},"b":{"0":[6],"1":[5],"2":[1],"3":[7],"4":[1],"5":[6]},"fnMap":{"0":{"name":"computeEdge","decl":{"start":{"line":30,"column":7},"end":{"line":44,"column":1}},"loc":{"start":{"line":30,"column":7},"end":{"line":44,"column":1}},"line":30},"1":{"name":"edgeThreshold","decl":{"start":{"line":50,"column":7},"end":{"line":52,"column":1}},"loc":{"start":{"line":50,"column":7},"end":{"line":52,"column":1}},"line":50}},"f":{"0":6,"1":7}}
,"C:\\Users\\javie\\OneDrive\\Documentos\\Github\\Personal\\afterlight\\src\\modules\\scoring\\fees.ts": {"path":"C:\\Users\\javie\\OneDrive\\Documentos\\Github\\Personal\\afterlight\\src\\modules\\scoring\\fees.ts","all":false,"statementMap":{"7":{"start":{"line":8,"column":0},"end":{"line":8,"column":40}},"8":{"start":{"line":9,"column":0},"end":{"line":9,"column":43}},"9":{"start":{"line":10,"column":0},"end":{"line":10,"column":1}},"12":{"start":{"line":13,"column":0},"end":{"line":13,"column":67}},"13":{"start":{"line":14,"column":0},"end":{"line":14,"column":53}},"14":{"start":{"line":15,"column":0},"end":{"line":15,"column":23}},"15":{"start":{"line":16,"column":0},"end":{"line":16,"column":1}},"18":{"start":{"line":19,"column":0},"end":{"line":19,"column":55}},"19":{"start":{"line":20,"column":0},"end":{"line":20,"column":27}},"20":{"start":{"line":21,"column":0},"end":{"line":21,"column":1}}},"s":{"7":20,"8":20,"9":20,"12":1,"13":20,"14":20,"15":20,"18":1,"19":19,"20":19},"branchMap":{"0":{"type":"branch","line":8,"loc":{"start":{"line":8,"column":0},"end":{"line":10,"column":1}},"locations":[{"start":{"line":8,"column":0},"end":{"line":10,"column":1}}]},"1":{"type":"branch","line":13,"loc":{"start":{"line":13,"column":7},"end":{"line":16,"column":1}},"locations":[{"start":{"line":13,"column":7},"end":{"line":16,"column":1}}]},"2":{"type":"branch","line":19,"loc":{"start":{"line":19,"column":7},"end":{"line":21,"column":1}},"locations":[{"start":{"line":19,"column":7},"end":{"line":21,"column":1}}]}},"b":{"0":[20],"1":[20],"2":[19]},"fnMap":{"0":{"name":"ceilCent","decl":{"start":{"line":8,"column":0},"end":{"line":10,"column":1}},"loc":{"start":{"line":8,"column":0},"end":{"line":10,"column":1}},"line":8},"1":{"name":"feesUsd","decl":{"start":{"line":13,"column":7},"end":{"line":16,"column":1}},"loc":{"start":{"line":13,"column":7},"end":{"line":16,"column":1}},"line":13},"2":{"name":"feePerContract","decl":{"start":{"line":19,"column":7},"end":{"line":21,"column":1}},"loc":{"start":{"line":19,"column":7},"end":{"line":21,"column":1}},"line":19}},"f":{"0":20,"1":20,"2":19}}
,"C:\\Users\\javie\\OneDrive\\Documentos\\Github\\Personal\\afterlight\\src\\modules\\scoring\\index.ts": {"path":"C:\\Users\\javie\\OneDrive\\Documentos\\Github\\Personal\\afterlight\\src\\modules\\scoring\\index.ts","all":false,"statementMap":{"0":{"start":{"line":1,"column":0},"end":{"line":1,"column":46}},"50":{"start":{"line":51,"column":0},"end":{"line":51,"column":58}},"51":{"start":{"line":52,"column":0},"end":{"line":52,"column":44}},"52":{"start":{"line":53,"column":0},"end":{"line":53,"column":37}},"54":{"start":{"line":55,"column":0},"end":{"line":55,"column":50}},"55":{"start":{"line":56,"column":0},"end":{"line":56,"column":88}},"56":{"start":{"line":57,"column":0},"end":{"line":57,"column":14}},"57":{"start":{"line":58,"column":0},"end":{"line":58,"column":4}},"59":{"start":{"line":60,"column":0},"end":{"line":60,"column":28}},"60":{"start":{"line":61,"column":0},"end":{"line":61,"column":11}},"61":{"start":{"line":62,"column":0},"end":{"line":62,"column":21}},"62":{"start":{"line":63,"column":0},"end":{"line":63,"column":21}},"63":{"start":{"line":64,"column":0},"end":{"line":64,"column":45}},"64":{"start":{"line":65,"column":0},"end":{"line":65,"column":5}},"66":{"start":{"line":67,"column":0},"end":{"line":67,"column":63}},"67":{"start":{"line":68,"column":0},"end":{"line":68,"column":31}},"68":{"start":{"line":69,"column":0},"end":{"line":69,"column":6}},"69":{"start":{"line":70,"column":0},"end":{"line":70,"column":27}},"70":{"start":{"line":71,"column":0},"end":{"line":71,"column":41}},"71":{"start":{"line":72,"column":0},"end":{"line":72,"column":11}},"72":{"start":{"line":73,"column":0},"end":{"line":73,"column":5}},"74":{"start":{"line":75,"column":0},"end":{"line":75,"column":34}},"75":{"start":{"line":76,"column":0},"end":{"line":76,"column":19}},"76":{"start":{"line":77,"column":0},"end":{"line":77,"column":30}},"77":{"start":{"line":78,"column":0},"end":{"line":78,"column":39}},"78":{"start":{"line":79,"column":0},"end":{"line":79,"column":4}},"79":{"start":{"line":80,"column":0},"end":{"line":80,"column":65}},"81":{"start":{"line":82,"column":0},"end":{"line":82,"column":45}},"83":{"start":{"line":84,"column":0},"end":{"line":84,"column":10}},"84":{"start":{"line":85,"column":0},"end":{"line":85,"column":12}},"85":{"start":{"line":86,"column":0},"end":{"line":86,"column":11}},"86":{"start":{"line":87,"column":0},"end":{"line":87,"column":14}},"87":{"start":{"line":88,"column":0},"end":{"line":88,"column":15}},"88":{"start":{"line":89,"column":0},"end":{"line":89,"column":30}},"89":{"start":{"line":90,"column":0},"end":{"line":90,"column":26}},"90":{"start":{"line":91,"column":0},"end":{"line":91,"column":30}},"91":{"start":{"line":92,"column":0},"end":{"line":92,"column":36}},"92":{"start":{"line":93,"column":0},"end":{"line":93,"column":25}},"93":{"start":{"line":94,"column":0},"end":{"line":94,"column":22}},"94":{"start":{"line":95,"column":0},"end":{"line":95,"column":22}},"95":{"start":{"line":96,"column":0},"end":{"line":96,"column":37}},"96":{"start":{"line":97,"column":0},"end":{"line":97,"column":48}},"97":{"start":{"line":98,"column":0},"end":{"line":98,"column":15}},"98":{"start":{"line":99,"column":0},"end":{"line":99,"column":4}},"99":{"start":{"line":100,"column":0},"end":{"line":100,"column":1}}},"s":{"0":1,"50":1,"51":4,"52":4,"54":4,"55":4,"56":4,"57":4,"59":4,"60":4,"61":4,"62":4,"63":4,"64":4,"66":4,"67":4,"68":4,"69":4,"70":4,"71":4,"72":4,"74":4,"75":4,"76":4,"77":4,"78":4,"79":4,"81":4,"83":4,"84":4,"85":4,"86":4,"87":4,"88":4,"89":4,"90":4,"91":4,"92":4,"93":4,"94":4,"95":4,"96":4,"97":4,"98":4,"99":4},"branchMap":{"0":{"type":"branch","line":51,"loc":{"start":{"line":51,"column":7},"end":{"line":100,"column":1}},"locations":[{"start":{"line":51,"column":7},"end":{"line":100,"column":1}}]},"1":{"type":"branch","line":80,"loc":{"start":{"line":80,"column":37},"end":{"line":80,"column":65}},"locations":[{"start":{"line":80,"column":37},"end":{"line":80,"column":65}}]}},"b":{"0":[4],"1":[2]},"fnMap":{"0":{"name":"scoreMarket","decl":{"start":{"line":51,"column":7},"end":{"line":100,"column":1}},"loc":{"start":{"line":51,"column":7},"end":{"line":100,"column":1}},"line":51}},"f":{"0":4}}
,"C:\\Users\\javie\\OneDrive\\Documentos\\Github\\Personal\\afterlight\\src\\modules\\scoring\\kelly.ts": {"path":"C:\\Users\\javie\\OneDrive\\Documentos\\Github\\Personal\\afterlight\\src\\modules\\scoring\\kelly.ts","all":false,"statementMap":{"5":{"start":{"line":6,"column":0},"end":{"line":6,"column":35}},"6":{"start":{"line":7,"column":0},"end":{"line":7,"column":68}},"7":{"start":{"line":8,"column":0},"end":{"line":8,"column":66}},"16":{"start":{"line":17,"column":0},"end":{"line":17,"column":64}},"18":{"start":{"line":19,"column":0},"end":{"line":19,"column":58}},"20":{"start":{"line":21,"column":0},"end":{"line":21,"column":18}},"21":{"start":{"line":22,"column":0},"end":{"line":22,"column":49}},"22":{"start":{"line":23,"column":0},"end":{"line":23,"column":3}},"24":{"start":{"line":25,"column":0},"end":{"line":25,"column":43}},"25":{"start":{"line":26,"column":0},"end":{"line":26,"column":38}},"26":{"start":{"line":27,"column":0},"end":{"line":27,"column":81}},"27":{"start":{"line":28,"column":0},"end":{"line":28,"column":3}},"28":{"start":{"line":29,"column":0},"end":{"line":29,"column":56}},"29":{"start":{"line":30,"column":0},"end":{"line":30,"column":1}},"36":{"start":{"line":37,"column":0},"end":{"line":37,"column":89}},"37":{"start":{"line":38,"column":0},"end":{"line":38,"column":17}},"38":{"start":{"line":39,"column":0},"end":{"line":39,"column":8}},"39":{"start":{"line":40,"column":0},"end":{"line":40,"column":58}},"40":{"start":{"line":41,"column":0},"end":{"line":41,"column":60}},"42":{"start":{"line":43,"column":0},"end":{"line":43,"column":36}},"43":{"start":{"line":44,"column":0},"end":{"line":44,"column":32}},"44":{"start":{"line":45,"column":0},"end":{"line":45,"column":9}},"45":{"start":{"line":46,"column":0},"end":{"line":46,"column":25}},"46":{"start":{"line":47,"column":0},"end":{"line":47,"column":41}},"47":{"start":{"line":48,"column":0},"end":{"line":48,"column":6}},"48":{"start":{"line":49,"column":0},"end":{"line":49,"column":1}}},"s":{"5":1,"6":1,"7":1,"16":1,"18":9,"20":9,"21":5,"22":5,"24":4,"25":9,"26":2,"27":2,"28":2,"29":2,"36":1,"37":2,"38":2,"39":2,"40":2,"42":1,"43":1,"44":3,"45":3,"46":3,"47":1,"48":1},"branchMap":{"0":{"type":"branch","line":17,"loc":{"start":{"line":17,"column":7},"end":{"line":30,"column":1}},"locations":[{"start":{"line":17,"column":7},"end":{"line":30,"column":1}}]},"1":{"type":"branch","line":19,"loc":{"start":{"line":19,"column":23},"end":{"line":19,"column":32}},"locations":[{"start":{"line":19,"column":23},"end":{"line":19,"column":32}}]},"2":{"type":"branch","line":19,"loc":{"start":{"line":19,"column":27},"end":{"line":19,"column":58}},"locations":[{"start":{"line":19,"column":27},"end":{"line":19,"column":58}}]},"3":{"type":"branch","line":21,"loc":{"start":{"line":21,"column":17},"end":{"line":26,"column":37}},"locations":[{"start":{"line":21,"column":17},"end":{"line":26,"column":37}}]},"4":{"type":"branch","line":21,"loc":{"start":{"line":21,"column":17},"end":{"line":23,"column":3}},"locations":[{"start":{"line":21,"column":17},"end":{"line":23,"column":3}}]},"5":{"type":"branch","line":23,"loc":{"start":{"line":23,"column":2},"end":{"line":26,"column":37}},"locations":[{"start":{"line":23,"column":2},"end":{"line":26,"column":37}}]},"6":{"type":"branch","line":26,"loc":{"start":{"line":26,"column":37},"end":{"line":30,"column":1}},"locations":[{"start":{"line":26,"column":37},"end":{"line":30,"column":1}}]},"7":{"type":"branch","line":37,"loc":{"start":{"line":37,"column":7},"end":{"line":49,"column":1}},"locations":[{"start":{"line":37,"column":7},"end":{"line":49,"column":1}}]},"8":{"type":"branch","line":41,"loc":{"start":{"line":41,"column":15},"end":{"line":41,"column":43}},"locations":[{"start":{"line":41,"column":15},"end":{"line":41,"column":43}}]},"9":{"type":"branch","line":41,"loc":{"start":{"line":41,"column":43},"end":{"line":49,"column":1}},"locations":[{"start":{"line":41,"column":43},"end":{"line":49,"column":1}}]},"10":{"type":"branch","line":40,"loc":{"start":{"line":40,"column":33},"end":{"line":40,"column":55}},"locations":[{"start":{"line":40,"column":33},"end":{"line":40,"column":55}}]},"11":{"type":"branch","line":44,"loc":{"start":{"line":44,"column":23},"end":{"line":48,"column":4}},"locations":[{"start":{"line":44,"column":23},"end":{"line":48,"column":4}}]}},"b":{"0":[9],"1":[1],"2":[8],"3":[7],"4":[5],"5":[4],"6":[2],"7":[2],"8":[1],"9":[1],"10":[5],"11":[3]},"fnMap":{"0":{"name":"kelly","decl":{"start":{"line":17,"column":7},"end":{"line":30,"column":1}},"loc":{"start":{"line":17,"column":7},"end":{"line":30,"column":1}},"line":17},"1":{"name":"applyClusterCap","decl":{"start":{"line":37,"column":7},"end":{"line":49,"column":1}},"loc":{"start":{"line":37,"column":7},"end":{"line":49,"column":1}},"line":37}},"f":{"0":9,"1":2}}
,"C:\\Users\\javie\\OneDrive\\Documentos\\Github\\Personal\\afterlight\\src\\modules\\scoring\\math.ts": {"path":"C:\\Users\\javie\\OneDrive\\Documentos\\Github\\Personal\\afterlight\\src\\modules\\scoring\\math.ts","all":false,"statementMap":{"4":{"start":{"line":5,"column":0},"end":{"line":5,"column":46}},"5":{"start":{"line":6,"column":0},"end":{"line":6,"column":43}},"6":{"start":{"line":7,"column":0},"end":{"line":7,"column":1}},"9":{"start":{"line":10,"column":0},"end":{"line":10,"column":42}},"10":{"start":{"line":11,"column":0},"end":{"line":11,"column":25}},"11":{"start":{"line":12,"column":0},"end":{"line":12,"column":31}},"12":{"start":{"line":13,"column":0},"end":{"line":13,"column":1}},"15":{"start":{"line":16,"column":0},"end":{"line":16,"column":44}},"16":{"start":{"line":17,"column":0},"end":{"line":17,"column":32}},"17":{"start":{"line":18,"column":0},"end":{"line":18,"column":1}}},"s":{"4":1,"5":56,"6":56,"9":1,"10":53,"11":53,"12":53,"15":1,"16":35,"17":35},"branchMap":{"0":{"type":"branch","line":5,"loc":{"start":{"line":5,"column":7},"end":{"line":7,"column":1}},"locations":[{"start":{"line":5,"column":7},"end":{"line":7,"column":1}}]},"1":{"type":"branch","line":10,"loc":{"start":{"line":10,"column":7},"end":{"line":13,"column":1}},"locations":[{"start":{"line":10,"column":7},"end":{"line":13,"column":1}}]},"2":{"type":"branch","line":16,"loc":{"start":{"line":16,"column":7},"end":{"line":18,"column":1}},"locations":[{"start":{"line":16,"column":7},"end":{"line":18,"column":1}}]}},"b":{"0":[56],"1":[53],"2":[35]},"fnMap":{"0":{"name":"clampProb","decl":{"start":{"line":5,"column":7},"end":{"line":7,"column":1}},"loc":{"start":{"line":5,"column":7},"end":{"line":7,"column":1}},"line":5},"1":{"name":"logit","decl":{"start":{"line":10,"column":7},"end":{"line":13,"column":1}},"loc":{"start":{"line":10,"column":7},"end":{"line":13,"column":1}},"line":10},"2":{"name":"sigmoid","decl":{"start":{"line":16,"column":7},"end":{"line":18,"column":1}},"loc":{"start":{"line":16,"column":7},"end":{"line":18,"column":1}},"line":16}},"f":{"0":56,"1":53,"2":35}}
}
